# JRE version: OpenJDK Runtime Environment (8.0_202-b03) (build 1.8.0_202-release-1483-b03)
# Java VM: OpenJDK 64-Bit Server VM (25.202-b03 mixed mode windows-amd64 compressed oops)
Heap:
 PSYoungGen      total 386560K, used 360713K [0x00000000e0000000, 0x00000000ff400000, 0x0000000100000000)
  eden space 306688K, 91% used [0x00000000e0000000,0x00000000f1247990,0x00000000f2b80000)
  from space 79872K, 99% used [0x00000000f8800000,0x00000000fd5faaf8,0x00000000fd600000)
  to   space 94720K, 0% used [0x00000000f2b80000,0x00000000f2b80000,0x00000000f8800000)
 ParOldGen       total 267264K, used 92432K [0x00000000a0000000, 0x00000000b0500000, 0x00000000e0000000)
  object space 267264K, 34% used [0x00000000a0000000,0x00000000a5a443f0,0x00000000b0500000)
 Metaspace       used 87289K, capacity 90576K, committed 92760K, reserved 1130496K
  class space    used 11277K, capacity 11983K, committed 12416K, reserved 1048576K
GC Heap History (10 events):
Event: 10694.790 GC heap before
{Heap before GC invocations=29 (full 4):
 PSYoungGen      total 268800K, used 249011K [0x00000000e0000000, 0x00000000f3d00000, 0x0000000100000000)
  eden space 221184K, 100% used [0x00000000e0000000,0x00000000ed800000,0x00000000ed800000)
  from space 47616K, 58% used [0x00000000f0e80000,0x00000000f29aceb8,0x00000000f3d00000)
  to   space 51712K, 0% used [0x00000000ed800000,0x00000000ed800000,0x00000000f0a80000)
 ParOldGen       total 283648K, used 159615K [0x00000000a0000000, 0x00000000b1500000, 0x00000000e0000000)
  object space 283648K, 56% used [0x00000000a0000000,0x00000000a9bdff80,0x00000000b1500000)
 Metaspace       used 87550K, capacity 91162K, committed 91352K, reserved 1128448K
  class space    used 11457K, capacity 12240K, committed 12288K, reserved 1048576K
Event: 10696.034 GC heap after
Heap after GC invocations=29 (full 4):
 PSYoungGen      total 272896K, used 51680K [0x00000000e0000000, 0x00000000f9f00000, 0x0000000100000000)
  eden space 221184K, 0% used [0x00000000e0000000,0x00000000e0000000,0x00000000ed800000)
  from space 51712K, 99% used [0x00000000ed800000,0x00000000f0a780e0,0x00000000f0a80000)
  to   space 75776K, 0% used [0x00000000f5500000,0x00000000f5500000,0x00000000f9f00000)
 ParOldGen       total 283648K, used 201422K [0x00000000a0000000, 0x00000000b1500000, 0x00000000e0000000)
  object space 283648K, 71% used [0x00000000a0000000,0x00000000ac4b3a10,0x00000000b1500000)
 Metaspace       used 87550K, capacity 91162K, committed 91352K, reserved 1128448K
  class space    used 11457K, capacity 12240K, committed 12288K, reserved 1048576K
}
Event: 10708.445 GC heap before
{Heap before GC invocations=30 (full 4):
 PSYoungGen      total 272896K, used 272864K [0x00000000e0000000, 0x00000000f9f00000, 0x0000000100000000)
  eden space 221184K, 100% used [0x00000000e0000000,0x00000000ed800000,0x00000000ed800000)
  from space 51712K, 99% used [0x00000000ed800000,0x00000000f0a780e0,0x00000000f0a80000)
  to   space 75776K, 0% used [0x00000000f5500000,0x00000000f5500000,0x00000000f9f00000)
 ParOldGen       total 283648K, used 201422K [0x00000000a0000000, 0x00000000b1500000, 0x00000000e0000000)
  object space 283648K, 71% used [0x00000000a0000000,0x00000000ac4b3a10,0x00000000b1500000)
 Metaspace       used 87801K, capacity 91480K, committed 91608K, reserved 1128448K
  class space    used 11463K, capacity 12249K, committed 12288K, reserved 1048576K
Event: 10708.850 GC heap after
Heap after GC invocations=30 (full 4):
 PSYoungGen      total 341504K, used 61541K [0x00000000e0000000, 0x00000000fac00000, 0x0000000100000000)
  eden space 265728K, 0% used [0x00000000e0000000,0x00000000e0000000,0x00000000f0380000)
  from space 75776K, 81% used [0x00000000f5500000,0x00000000f91196f0,0x00000000f9f00000)
  to   space 83456K, 0% used [0x00000000f0380000,0x00000000f0380000,0x00000000f5500000)
 ParOldGen       total 283648K, used 217340K [0x00000000a0000000, 0x00000000b1500000, 0x00000000e0000000)
  object space 283648K, 76% used [0x00000000a0000000,0x00000000ad43f3d8,0x00000000b1500000)
 Metaspace       used 87801K, capacity 91480K, committed 91608K, reserved 1128448K
  class space    used 11463K, capacity 12249K, committed 12288K, reserved 1048576K
}
Event: 12479.813 GC heap before
{Heap before GC invocations=31 (full 4):
 PSYoungGen      total 341504K, used 327269K [0x00000000e0000000, 0x00000000fac00000, 0x0000000100000000)
  eden space 265728K, 100% used [0x00000000e0000000,0x00000000f0380000,0x00000000f0380000)
  from space 75776K, 81% used [0x00000000f5500000,0x00000000f91196f0,0x00000000f9f00000)
  to   space 83456K, 0% used [0x00000000f0380000,0x00000000f0380000,0x00000000f5500000)
 ParOldGen       total 283648K, used 217340K [0x00000000a0000000, 0x00000000b1500000, 0x00000000e0000000)
  object space 283648K, 76% used [0x00000000a0000000,0x00000000ad43f3d8,0x00000000b1500000)
 Metaspace       used 88615K, capacity 92570K, committed 92760K, reserved 1130496K
  class space    used 11538K, capacity 12400K, committed 12416K, reserved 1048576K
Event: 12484.738 GC heap after
Heap after GC invocations=31 (full 4):
 PSYoungGen      total 349184K, used 22297K [0x00000000e0000000, 0x00000000fd600000, 0x0000000100000000)
  eden space 265728K, 0% used [0x00000000e0000000,0x00000000e0000000,0x00000000f0380000)
  from space 83456K, 26% used [0x00000000f0380000,0x00000000f1946468,0x00000000f5500000)
  to   space 79872K, 0% used [0x00000000f8800000,0x00000000f8800000,0x00000000fd600000)
 ParOldGen       total 283648K, used 269076K [0x00000000a0000000, 0x00000000b1500000, 0x00000000e0000000)
  object space 283648K, 94% used [0x00000000a0000000,0x00000000b06c5168,0x00000000b1500000)
 Metaspace       used 88615K, capacity 92570K, committed 92760K, reserved 1130496K
  class space    used 11538K, capacity 12400K, committed 12416K, reserved 1048576K
}
Event: 12484.739 GC heap before
{Heap before GC invocations=32 (full 5):
 PSYoungGen      total 349184K, used 22297K [0x00000000e0000000, 0x00000000fd600000, 0x0000000100000000)
  eden space 265728K, 0% used [0x00000000e0000000,0x00000000e0000000,0x00000000f0380000)
  from space 83456K, 26% used [0x00000000f0380000,0x00000000f1946468,0x00000000f5500000)
  to   space 79872K, 0% used [0x00000000f8800000,0x00000000f8800000,0x00000000fd600000)
 ParOldGen       total 283648K, used 269076K [0x00000000a0000000, 0x00000000b1500000, 0x00000000e0000000)
  object space 283648K, 94% used [0x00000000a0000000,0x00000000b06c5168,0x00000000b1500000)
 Metaspace       used 88615K, capacity 92570K, committed 92760K, reserved 1130496K
  class space    used 11538K, capacity 12400K, committed 12416K, reserved 1048576K
Event: 12502.329 GC heap after
Heap after GC invocations=32 (full 5):
 PSYoungGen      total 349184K, used 0K [0x00000000e0000000, 0x00000000fd600000, 0x0000000100000000)
  eden space 265728K, 0% used [0x00000000e0000000,0x00000000e0000000,0x00000000f0380000)
  from space 83456K, 0% used [0x00000000f0380000,0x00000000f0380000,0x00000000f5500000)
  to   space 79872K, 0% used [0x00000000f8800000,0x00000000f8800000,0x00000000fd600000)
 ParOldGen       total 267264K, used 87803K [0x00000000a0000000, 0x00000000b0500000, 0x00000000e0000000)
  object space 267264K, 32% used [0x00000000a0000000,0x00000000a55bed78,0x00000000b0500000)
 Metaspace       used 85450K, capacity 88344K, committed 92760K, reserved 1130496K
  class space    used 11103K, capacity 11749K, committed 12416K, reserved 1048576K
}
Event: 12506.485 GC heap before
{Heap before GC invocations=33 (full 5):
 PSYoungGen      total 349184K, used 265728K [0x00000000e0000000, 0x00000000fd600000, 0x0000000100000000)
  eden space 265728K, 100% used [0x00000000e0000000,0x00000000f0380000,0x00000000f0380000)
  from space 83456K, 0% used [0x00000000f0380000,0x00000000f0380000,0x00000000f5500000)
  to   space 79872K, 0% used [0x00000000f8800000,0x00000000f8800000,0x00000000fd600000)
 ParOldGen       total 267264K, used 87803K [0x00000000a0000000, 0x00000000b0500000, 0x00000000e0000000)
  object space 267264K, 32% used [0x00000000a0000000,0x00000000a55bed78,0x00000000b0500000)
 Metaspace       used 86299K, capacity 89246K, committed 92760K, reserved 1130496K
  class space    used 11183K, capacity 11814K, committed 12416K, reserved 1048576K
Event: 12506.887 GC heap after
Heap after GC invocations=33 (full 5):
 PSYoungGen      total 386560K, used 79850K [0x00000000e0000000, 0x00000000ff400000, 0x0000000100000000)
  eden space 306688K, 0% used [0x00000000e0000000,0x00000000e0000000,0x00000000f2b80000)
  from space 79872K, 99% used [0x00000000f8800000,0x00000000fd5faaf8,0x00000000fd600000)
  to   space 94720K, 0% used [0x00000000f2b80000,0x00000000f2b80000,0x00000000f8800000)
 ParOldGen       total 267264K, used 92432K [0x00000000a0000000, 0x00000000b0500000, 0x00000000e0000000)
  object space 267264K, 34% used [0x00000000a0000000,0x00000000a5a443f0,0x00000000b0500000)
 Metaspace       used 86299K, capacity 89246K, committed 92760K, reserved 1130496K
  class space    used 11183K, capacity 11814K, committed 12416K, reserved 1048576K
}

